# JRE version: Java(TM) SE Runtime Environment (8.0_60-b27) (build 1.8.0_60-b27)
# Java VM: Java HotSpot(TM) 64-Bit Server VM (25.60-b23 mixed mode windows-amd64 compressed oops)
Heap:
 PSYoungGen      total 124928K, used 34353K [0x00000000eab00000, 0x00000000f2e00000, 0x0000000100000000)
  eden space 115712K, 21% used [0x00000000eab00000,0x00000000ec38e3e0,0x00000000f1c00000)
  from space 9216K, 99% used [0x00000000f2500000,0x00000000f2dfe2c8,0x00000000f2e00000)
  to   space 9216K, 0% used [0x00000000f1c00000,0x00000000f1c00000,0x00000000f2500000)
 ParOldGen       total 153088K, used 6938K [0x00000000c0000000, 0x00000000c9580000, 0x00000000eab00000)
  object space 153088K, 4% used [0x00000000c0000000,0x00000000c06c6a78,0x00000000c9580000)
 Metaspace       used 6596K, capacity 7384K, committed 7680K, reserved 1056768K
  class space    used 640K, capacity 656K, committed 768K, reserved 1048576K
GC Heap History (4 events):
Event: 3.594 GC heap before
{Heap before GC invocations=1 (full 0):
 PSYoungGen      total 67072K, used 57856K [0x00000000eab00000, 0x00000000ef580000, 0x0000000100000000)
  eden space 57856K, 100% used [0x00000000eab00000,0x00000000ee380000,0x00000000ee380000)
  from space 9216K, 0% used [0x00000000eec80000,0x00000000eec80000,0x00000000ef580000)
  to   space 9216K, 0% used [0x00000000ee380000,0x00000000ee380000,0x00000000eec80000)
 ParOldGen       total 153088K, used 0K [0x00000000c0000000, 0x00000000c9580000, 0x00000000eab00000)
  object space 153088K, 0% used [0x00000000c0000000,0x00000000c0000000,0x00000000c9580000)
 Metaspace       used 5999K, capacity 6960K, committed 7040K, reserved 1056768K
  class space    used 597K, capacity 616K, committed 640K, reserved 1048576K
Event: 4.132 GC heap after
Heap after GC invocations=1 (full 0):
 PSYoungGen      total 67072K, used 9199K [0x00000000eab00000, 0x00000000f2e00000, 0x0000000100000000)
  eden space 57856K, 0% used [0x00000000eab00000,0x00000000eab00000,0x00000000ee380000)
  from space 9216K, 99% used [0x00000000ee380000,0x00000000eec7bfe8,0x00000000eec80000)
  to   space 9216K, 0% used [0x00000000f2500000,0x00000000f2500000,0x00000000f2e00000)
 ParOldGen       total 153088K, used 735K [0x00000000c0000000, 0x00000000c9580000, 0x00000000eab00000)
  object space 153088K, 0% used [0x00000000c0000000,0x00000000c00b7f60,0x00000000c9580000)
 Metaspace       used 5999K, capacity 6960K, committed 7040K, reserved 1056768K
  class space    used 597K, capacity 616K, committed 640K, reserved 1048576K
}
Event: 4.622 GC heap before
{Heap before GC invocations=2 (full 0):
 PSYoungGen      total 67072K, used 67055K [0x00000000eab00000, 0x00000000f2e00000, 0x0000000100000000)
  eden space 57856K, 100% used [0x00000000eab00000,0x00000000ee380000,0x00000000ee380000)
  from space 9216K, 99% used [0x00000000ee380000,0x00000000eec7bfe8,0x00000000eec80000)
  to   space 9216K, 0% used [0x00000000f2500000,0x00000000f2500000,0x00000000f2e00000)
 ParOldGen       total 153088K, used 735K [0x00000000c0000000, 0x00000000c9580000, 0x00000000eab00000)
  object space 153088K, 0% used [0x00000000c0000000,0x00000000c00b7f60,0x00000000c9580000)
 Metaspace       used 6327K, capacity 7128K, committed 7424K, reserved 1056768K
  class space    used 621K, capacity 656K, committed 768K, reserved 1048576K
Event: 4.657 GC heap after
Heap after GC invocations=2 (full 0):
 PSYoungGen      total 124928K, used 9208K [0x00000000eab00000, 0x00000000f2e00000, 0x0000000100000000)
  eden space 115712K, 0% used [0x00000000eab00000,0x00000000eab00000,0x00000000f1c00000)
  from space 9216K, 99% used [0x00000000f2500000,0x00000000f2dfe2c8,0x00000000f2e00000)
  to   space 9216K, 0% used [0x00000000f1c00000,0x00000000f1c00000,0x00000000f2500000)
 ParOldGen       total 153088K, used 6938K [0x00000000c0000000, 0x00000000c9580000, 0x00000000eab00000)
  object space 153088K, 4% used [0x00000000c0000000,0x00000000c06c6a78,0x00000000c9580000)
 Metaspace       used 6327K, capacity 7128K, committed 7424K, reserved 1056768K
  class space    used 621K, capacity 656K, committed 768K, reserved 1048576K
}

